 method:GET state:404 url:/home response-time: 11.530 ms http-version: HTTP/1.1" content-length:143  address:::1 date_web:[Sat, 23 Dec 2023 11:04:38 GMT]  
method:GET state:404 url:/login response-time: 1.431 ms http-version: HTTP/1.1" content-length:144  address:::1 date_web:[Sat, 23 Dec 2023 11:04:45 GMT]  
method:GET state:404 url:/auth/login response-time: 13.858 ms http-version: HTTP/1.1" content-length:149  address:::1 date_web:[Sat, 23 Dec 2023 11:06:15 GMT]  
method:GET state:400 url:/auth/login response-time: 15.042 ms http-version: HTTP/1.1" content-length:36  address:::1 date_web:[Sat, 23 Dec 2023 11:06:50 GMT]  
method:GET state:404 url:/ response-time: 10.100 ms http-version: HTTP/1.1" content-length:139  address:::1 date_web:[Sat, 23 Dec 2023 11:27:40 GMT]  
method:GET state:404 url:/auth/login response-time: 1.753 ms http-version: HTTP/1.1" content-length:149  address:::1 date_web:[Sat, 23 Dec 2023 11:27:53 GMT]  
method:GET state:404 url:/login response-time: 0.745 ms http-version: HTTP/1.1" content-length:144  address:::1 date_web:[Sat, 23 Dec 2023 11:28:15 GMT]  
method:GET state:404 url:/login response-time: 5.678 ms http-version: HTTP/1.1" content-length:144  address:::1 date_web:[Sat, 23 Dec 2023 11:29:13 GMT]  
method:GET state:500 url:/auth/login response-time: 3.864 ms http-version: HTTP/1.1" content-length:1508  address:::1 date_web:[Sat, 23 Dec 2023 11:29:19 GMT]  
method:GET state:500 url:/auth/login response-time: 7.324 ms http-version: HTTP/1.1" content-length:1508  address:::1 date_web:[Sat, 23 Dec 2023 11:29:37 GMT]  
method:GET state:500 url:/auth/login response-time: 2.343 ms http-version: HTTP/1.1" content-length:1508  address:::1 date_web:[Sat, 23 Dec 2023 11:29:39 GMT]  
method:GET state:500 url:/auth/login response-time: 13.918 ms http-version: HTTP/1.1" content-length:1508  address:::1 date_web:[Sat, 23 Dec 2023 11:29:55 GMT]  
method:GET state:500 url:/auth/login response-time: 2.675 ms http-version: HTTP/1.1" content-length:1508  address:::1 date_web:[Sat, 23 Dec 2023 11:29:57 GMT]  
method:GET state:500 url:/auth/login response-time: 13.638 ms http-version: HTTP/1.1" content-length:1508  address:::1 date_web:[Sat, 23 Dec 2023 11:30:38 GMT]  
method:GET state:500 url:/auth/login response-time: 16.094 ms http-version: HTTP/1.1" content-length:1552  address:::1 date_web:[Sat, 23 Dec 2023 11:32:18 GMT]  
method:GET state:500 url:/auth/login response-time: 15.242 ms http-version: HTTP/1.1" content-length:1553  address:::1 date_web:[Sat, 23 Dec 2023 11:33:56 GMT]  
method:GET state:500 url:/auth/login response-time: 12.915 ms http-version: HTTP/1.1" content-length:1552  address:::1 date_web:[Sat, 23 Dec 2023 11:34:05 GMT]  
method:GET state:500 url:/auth/login response-time: 2.812 ms http-version: HTTP/1.1" content-length:1552  address:::1 date_web:[Sat, 23 Dec 2023 11:34:07 GMT]  
method:GET state:500 url:/auth/login response-time: 3.140 ms http-version: HTTP/1.1" content-length:1552  address:::1 date_web:[Sat, 23 Dec 2023 11:34:07 GMT]  
method:GET state:500 url:/auth/login response-time: 2.431 ms http-version: HTTP/1.1" content-length:1552  address:::1 date_web:[Sat, 23 Dec 2023 11:34:07 GMT]  
method:GET state:500 url:/auth/login response-time: 9.859 ms http-version: HTTP/1.1" content-length:1552  address:::1 date_web:[Sat, 23 Dec 2023 11:35:03 GMT]  
method:GET state:500 url:/auth/login response-time: 10.243 ms http-version: HTTP/1.1" content-length:1561  address:::1 date_web:[Sat, 23 Dec 2023 11:35:43 GMT]  
method:GET state:500 url:/auth/login response-time: 15.575 ms http-version: HTTP/1.1" content-length:1565  address:::ffff:127.0.0.1 date_web:[Sat, 23 Dec 2023 11:35:47 GMT]  
method:GET state:500 url:/auth/login response-time: 16.480 ms http-version: HTTP/1.1" content-length:1552  address:::1 date_web:[Sat, 23 Dec 2023 11:36:05 GMT]  
method:GET state:500 url:/auth/login response-time: 12.616 ms http-version: HTTP/1.1" content-length:1552  address:::1 date_web:[Sat, 23 Dec 2023 11:36:32 GMT]  
method:GET state:500 url:/auth/login response-time: 18.892 ms http-version: HTTP/1.1" content-length:1551  address:::1 date_web:[Sat, 23 Dec 2023 11:37:14 GMT]  
method:GET state:500 url:/auth/login response-time: 17.304 ms http-version: HTTP/1.1" content-length:1843  address:::1 date_web:[Sat, 23 Dec 2023 11:38:02 GMT]  
method:GET state:200 url:/auth/login response-time: 13.961 ms http-version: HTTP/1.1" content-length:3790  address:::1 date_web:[Sat, 23 Dec 2023 11:38:24 GMT]  
method:GET state:404 url:/auth/css.css response-time: 3.804 ms http-version: HTTP/1.1" content-length:151  address:::1 date_web:[Sat, 23 Dec 2023 11:38:24 GMT]  
method:GET state:404 url:/auth/js.js response-time: 2.278 ms http-version: HTTP/1.1" content-length:149  address:::1 date_web:[Sat, 23 Dec 2023 11:38:24 GMT]  
method:GET state:404 url:/favicon.ico response-time: 0.535 ms http-version: HTTP/1.1" content-length:150  address:::1 date_web:[Sat, 23 Dec 2023 11:38:25 GMT]  
method:GET state:304 url:/auth/login response-time: 13.844 ms http-version: HTTP/1.1" content-length:-  address:::1 date_web:[Sat, 23 Dec 2023 11:38:33 GMT]  
method:GET state:404 url:/auth/css.css response-time: 4.612 ms http-version: HTTP/1.1" content-length:151  address:::1 date_web:[Sat, 23 Dec 2023 11:38:33 GMT]  
method:GET state:404 url:/auth/js.js response-time: 2.392 ms http-version: HTTP/1.1" content-length:149  address:::1 date_web:[Sat, 23 Dec 2023 11:38:33 GMT]  
method:GET state:200 url:/auth/login? response-time: 3.352 ms http-version: HTTP/1.1" content-length:3790  address:::1 date_web:[Sat, 23 Dec 2023 11:38:53 GMT]  
method:GET state:404 url:/auth/css.css response-time: 1.081 ms http-version: HTTP/1.1" content-length:151  address:::1 date_web:[Sat, 23 Dec 2023 11:38:53 GMT]  
method:GET state:404 url:/auth/js.js response-time: 1.485 ms http-version: HTTP/1.1" content-length:149  address:::1 date_web:[Sat, 23 Dec 2023 11:38:53 GMT]  
method:POST state:404 url:/auth/auth/login response-time: 1.407 ms http-version: HTTP/1.1" content-length:155  address:::1 date_web:[Sat, 23 Dec 2023 11:38:55 GMT]  
method:POST state:404 url:/auth/auth/login response-time: 1.007 ms http-version: HTTP/1.1" content-length:155  address:::1 date_web:[Sat, 23 Dec 2023 11:38:58 GMT]  
method:GET state:200 url:/auth/login? response-time: 1.924 ms http-version: HTTP/1.1" content-length:3785  address:::1 date_web:[Sat, 23 Dec 2023 11:39:08 GMT]  
method:GET state:404 url:/auth/css.css response-time: 1.346 ms http-version: HTTP/1.1" content-length:151  address:::1 date_web:[Sat, 23 Dec 2023 11:39:08 GMT]  
method:GET state:404 url:/auth/js.js response-time: 1.610 ms http-version: HTTP/1.1" content-length:149  address:::1 date_web:[Sat, 23 Dec 2023 11:39:08 GMT]  
method:POST state:400 url:/auth/login response-time: 6.709 ms http-version: HTTP/1.1" content-length:33  address:::1 date_web:[Sat, 23 Dec 2023 11:39:09 GMT]  
method:POST state:400 url:/auth/login response-time: 1.826 ms http-version: HTTP/1.1" content-length:33  address:::1 date_web:[Sat, 23 Dec 2023 11:39:22 GMT]  
method:GET state:200 url:/auth/login? response-time: 1.645 ms http-version: HTTP/1.1" content-length:3779  address:::1 date_web:[Sat, 23 Dec 2023 11:39:47 GMT]  
method:GET state:404 url:/auth/css.css response-time: 1.051 ms http-version: HTTP/1.1" content-length:151  address:::1 date_web:[Sat, 23 Dec 2023 11:39:47 GMT]  
method:GET state:404 url:/auth/js.js response-time: 1.332 ms http-version: HTTP/1.1" content-length:149  address:::1 date_web:[Sat, 23 Dec 2023 11:39:47 GMT]  
method:POST state:400 url:/auth/login response-time: 0.839 ms http-version: HTTP/1.1" content-length:33  address:::1 date_web:[Sat, 23 Dec 2023 11:39:56 GMT]  
method:POST state:400 url:/auth/login response-time: 0.543 ms http-version: HTTP/1.1" content-length:33  address:::1 date_web:[Sat, 23 Dec 2023 11:40:07 GMT]  
method:GET state:200 url:/auth/login? response-time: 3.311 ms http-version: HTTP/1.1" content-length:3785  address:::1 date_web:[Sat, 23 Dec 2023 11:40:50 GMT]  
method:GET state:404 url:/auth/css.css response-time: 0.868 ms http-version: HTTP/1.1" content-length:151  address:::1 date_web:[Sat, 23 Dec 2023 11:40:50 GMT]  
method:GET state:404 url:/auth/js.js response-time: 3.378 ms http-version: HTTP/1.1" content-length:149  address:::1 date_web:[Sat, 23 Dec 2023 11:40:50 GMT]  
method:POST state:400 url:/auth/login response-time: 0.928 ms http-version: HTTP/1.1" content-length:33  address:::1 date_web:[Sat, 23 Dec 2023 11:40:54 GMT]  
method:POST state:400 url:/auth/login response-time: 12.014 ms http-version: HTTP/1.1" content-length:33  address:::1 date_web:[Sat, 23 Dec 2023 11:41:26 GMT]  
method:GET state:200 url:/auth/login? response-time: 13.830 ms http-version: HTTP/1.1" content-length:3794  address:::1 date_web:[Sat, 23 Dec 2023 11:41:28 GMT]  
method:GET state:404 url:/auth/css.css response-time: 4.078 ms http-version: HTTP/1.1" content-length:151  address:::1 date_web:[Sat, 23 Dec 2023 11:41:28 GMT]  
method:GET state:404 url:/auth/js.js response-time: 1.031 ms http-version: HTTP/1.1" content-length:149  address:::1 date_web:[Sat, 23 Dec 2023 11:41:28 GMT]  
method:GET state:304 url:/auth/login? response-time: 2.220 ms http-version: HTTP/1.1" content-length:-  address:::1 date_web:[Sat, 23 Dec 2023 11:41:28 GMT]  
method:GET state:404 url:/auth/css.css response-time: 0.938 ms http-version: HTTP/1.1" content-length:151  address:::1 date_web:[Sat, 23 Dec 2023 11:41:28 GMT]  
method:GET state:404 url:/auth/js.js response-time: 1.605 ms http-version: HTTP/1.1" content-length:149  address:::1 date_web:[Sat, 23 Dec 2023 11:41:28 GMT]  
method:GET state:304 url:/auth/login? response-time: 2.141 ms http-version: HTTP/1.1" content-length:-  address:::1 date_web:[Sat, 23 Dec 2023 11:41:28 GMT]  
method:GET state:304 url:/auth/login? response-time: 1.794 ms http-version: HTTP/1.1" content-length:-  address:::1 date_web:[Sat, 23 Dec 2023 11:41:29 GMT]  
method:GET state:404 url:/auth/css.css response-time: 0.931 ms http-version: HTTP/1.1" content-length:151  address:::1 date_web:[Sat, 23 Dec 2023 11:41:29 GMT]  
method:GET state:404 url:/auth/js.js response-time: 1.503 ms http-version: HTTP/1.1" content-length:149  address:::1 date_web:[Sat, 23 Dec 2023 11:41:29 GMT]  
method:GET state:304 url:/auth/login? response-time: 1.816 ms http-version: HTTP/1.1" content-length:-  address:::1 date_web:[Sat, 23 Dec 2023 11:41:29 GMT]  
method:GET state:404 url:/auth/css.css response-time: 0.986 ms http-version: HTTP/1.1" content-length:151  address:::1 date_web:[Sat, 23 Dec 2023 11:41:29 GMT]  
method:GET state:404 url:/auth/js.js response-time: 0.859 ms http-version: HTTP/1.1" content-length:149  address:::1 date_web:[Sat, 23 Dec 2023 11:41:29 GMT]  
method:GET state:404 url:/auth/css.css response-time: 2.340 ms http-version: HTTP/1.1" content-length:151  address:::1 date_web:[Sat, 23 Dec 2023 11:41:29 GMT]  
method:GET state:404 url:/auth/js.js response-time: 1.143 ms http-version: HTTP/1.1" content-length:149  address:::1 date_web:[Sat, 23 Dec 2023 11:41:29 GMT]  
method:POST state:400 url:/auth/login response-time: 0.852 ms http-version: HTTP/1.1" content-length:33  address:::1 date_web:[Sat, 23 Dec 2023 11:41:34 GMT]  
method:POST state:400 url:/auth/login response-time: 12.352 ms http-version: HTTP/1.1" content-length:33  address:::1 date_web:[Sat, 23 Dec 2023 11:42:38 GMT]  
method:GET state:200 url:/auth/login? response-time: 18.509 ms http-version: HTTP/1.1" content-length:3808  address:::1 date_web:[Sat, 23 Dec 2023 11:43:24 GMT]  
method:GET state:404 url:/auth/css.css response-time: 4.272 ms http-version: HTTP/1.1" content-length:151  address:::1 date_web:[Sat, 23 Dec 2023 11:43:24 GMT]  
method:GET state:404 url:/auth/js.js response-time: 1.910 ms http-version: HTTP/1.1" content-length:149  address:::1 date_web:[Sat, 23 Dec 2023 11:43:24 GMT]  
method:POST state:400 url:/auth/login response-time: 7.249 ms http-version: HTTP/1.1" content-length:33  address:::1 date_web:[Sat, 23 Dec 2023 11:43:28 GMT]  
method:GET state:200 url:/auth/login? response-time: 14.940 ms http-version: HTTP/1.1" content-length:3873  address:::1 date_web:[Sat, 23 Dec 2023 11:44:36 GMT]  
method:GET state:404 url:/auth/css.css response-time: 4.725 ms http-version: HTTP/1.1" content-length:151  address:::1 date_web:[Sat, 23 Dec 2023 11:44:36 GMT]  
method:GET state:404 url:/auth/js.js response-time: 2.683 ms http-version: HTTP/1.1" content-length:149  address:::1 date_web:[Sat, 23 Dec 2023 11:44:36 GMT]  
method:GET state:200 url:/auth/login? response-time: 2.506 ms http-version: HTTP/1.1" content-length:3878  address:::1 date_web:[Sat, 23 Dec 2023 11:45:08 GMT]  
method:GET state:404 url:/auth/css.css response-time: 1.071 ms http-version: HTTP/1.1" content-length:151  address:::1 date_web:[Sat, 23 Dec 2023 11:45:08 GMT]  
method:GET state:404 url:/auth/js.js response-time: 1.222 ms http-version: HTTP/1.1" content-length:149  address:::1 date_web:[Sat, 23 Dec 2023 11:45:08 GMT]  
method:POST state:400 url:/auth/login response-time: 7.791 ms http-version: HTTP/1.1" content-length:33  address:::1 date_web:[Sat, 23 Dec 2023 11:45:14 GMT]  
method:GET state:200 url:/auth/login? response-time: 3.362 ms http-version: HTTP/1.1" content-length:3880  address:::1 date_web:[Sat, 23 Dec 2023 11:45:22 GMT]  
method:GET state:404 url:/auth/css.css response-time: 1.232 ms http-version: HTTP/1.1" content-length:151  address:::1 date_web:[Sat, 23 Dec 2023 11:45:22 GMT]  
method:GET state:404 url:/auth/js.js response-time: 1.417 ms http-version: HTTP/1.1" content-length:149  address:::1 date_web:[Sat, 23 Dec 2023 11:45:22 GMT]  
method:GET state:304 url:/auth/login? response-time: 2.990 ms http-version: HTTP/1.1" content-length:-  address:::1 date_web:[Sat, 23 Dec 2023 11:45:23 GMT]  
method:GET state:304 url:/auth/login? response-time: 1.660 ms http-version: HTTP/1.1" content-length:-  address:::1 date_web:[Sat, 23 Dec 2023 11:45:23 GMT]  
method:GET state:404 url:/auth/css.css response-time: 1.242 ms http-version: HTTP/1.1" content-length:151  address:::1 date_web:[Sat, 23 Dec 2023 11:45:23 GMT]  
method:GET state:404 url:/auth/js.js response-time: 1.601 ms http-version: HTTP/1.1" content-length:149  address:::1 date_web:[Sat, 23 Dec 2023 11:45:23 GMT]  
method:GET state:304 url:/auth/login? response-time: 1.507 ms http-version: HTTP/1.1" content-length:-  address:::1 date_web:[Sat, 23 Dec 2023 11:45:23 GMT]  
method:GET state:404 url:/auth/css.css response-time: 1.385 ms http-version: HTTP/1.1" content-length:151  address:::1 date_web:[Sat, 23 Dec 2023 11:45:23 GMT]  
method:GET state:404 url:/auth/js.js response-time: 1.475 ms http-version: HTTP/1.1" content-length:149  address:::1 date_web:[Sat, 23 Dec 2023 11:45:23 GMT]  
method:GET state:304 url:/auth/login? response-time: 1.784 ms http-version: HTTP/1.1" content-length:-  address:::1 date_web:[Sat, 23 Dec 2023 11:45:23 GMT]  
method:GET state:404 url:/auth/css.css response-time: 1.165 ms http-version: HTTP/1.1" content-length:151  address:::1 date_web:[Sat, 23 Dec 2023 11:45:23 GMT]  
method:GET state:404 url:/auth/js.js response-time: 0.711 ms http-version: HTTP/1.1" content-length:149  address:::1 date_web:[Sat, 23 Dec 2023 11:45:23 GMT]  
method:GET state:404 url:/auth/css.css response-time: 1.074 ms http-version: HTTP/1.1" content-length:151  address:::1 date_web:[Sat, 23 Dec 2023 11:45:23 GMT]  
method:GET state:404 url:/auth/js.js response-time: 0.935 ms http-version: HTTP/1.1" content-length:149  address:::1 date_web:[Sat, 23 Dec 2023 11:45:23 GMT]  
method:GET state:304 url:/auth/login? response-time: 1.932 ms http-version: HTTP/1.1" content-length:-  address:::1 date_web:[Sat, 23 Dec 2023 11:45:23 GMT]  
method:GET state:404 url:/auth/css.css response-time: 0.834 ms http-version: HTTP/1.1" content-length:151  address:::1 date_web:[Sat, 23 Dec 2023 11:45:23 GMT]  
method:GET state:404 url:/auth/js.js response-time: 1.491 ms http-version: HTTP/1.1" content-length:149  address:::1 date_web:[Sat, 23 Dec 2023 11:45:23 GMT]  
method:POST state:400 url:/auth/login response-time: 2.570 ms http-version: HTTP/1.1" content-length:33  address:::1 date_web:[Sat, 23 Dec 2023 11:45:34 GMT]  
method:GET state:200 url:/auth/login response-time: 47.063 ms http-version: HTTP/1.1" content-length:3880  address:::1 date_web:[Sat, 23 Dec 2023 11:46:42 GMT]  
method:GET state:404 url:/auth/css.css response-time: 8.027 ms http-version: HTTP/1.1" content-length:151  address:::1 date_web:[Sat, 23 Dec 2023 11:46:43 GMT]  
method:GET state:404 url:/auth/js.js response-time: 1.814 ms http-version: HTTP/1.1" content-length:149  address:::1 date_web:[Sat, 23 Dec 2023 11:46:43 GMT]  
method:POST state:400 url:/auth/login response-time: 10.650 ms http-version: HTTP/1.1" content-length:33  address:::1 date_web:[Sat, 23 Dec 2023 11:47:00 GMT]  
method:POST state:400 url:/auth/login response-time: 2.714 ms http-version: HTTP/1.1" content-length:33  address:::1 date_web:[Sat, 23 Dec 2023 11:48:49 GMT]  
method:GET state:200 url:/auth/login response-time: 13.003 ms http-version: HTTP/1.1" content-length:4005  address:::1 date_web:[Sat, 23 Dec 2023 11:48:56 GMT]  
method:GET state:404 url:/auth/css.css response-time: 3.694 ms http-version: HTTP/1.1" content-length:151  address:::1 date_web:[Sat, 23 Dec 2023 11:48:56 GMT]  
method:GET state:404 url:/auth/js.js response-time: 1.393 ms http-version: HTTP/1.1" content-length:149  address:::1 date_web:[Sat, 23 Dec 2023 11:48:56 GMT]  
method:GET state:304 url:/auth/login response-time: 2.983 ms http-version: HTTP/1.1" content-length:-  address:::1 date_web:[Sat, 23 Dec 2023 11:48:56 GMT]  
method:GET state:304 url:/auth/login response-time: 2.095 ms http-version: HTTP/1.1" content-length:-  address:::1 date_web:[Sat, 23 Dec 2023 11:48:56 GMT]  
method:GET state:404 url:/auth/css.css response-time: 0.987 ms http-version: HTTP/1.1" content-length:151  address:::1 date_web:[Sat, 23 Dec 2023 11:48:56 GMT]  
method:GET state:404 url:/auth/js.js response-time: 1.253 ms http-version: HTTP/1.1" content-length:149  address:::1 date_web:[Sat, 23 Dec 2023 11:48:56 GMT]  
method:GET state:404 url:/auth/css.css response-time: 3.655 ms http-version: HTTP/1.1" content-length:151  address:::1 date_web:[Sat, 23 Dec 2023 11:48:56 GMT]  
method:GET state:404 url:/auth/js.js response-time: 2.109 ms http-version: HTTP/1.1" content-length:149  address:::1 date_web:[Sat, 23 Dec 2023 11:48:56 GMT]  
method:GET state:304 url:/auth/login response-time: 1.600 ms http-version: HTTP/1.1" content-length:-  address:::1 date_web:[Sat, 23 Dec 2023 11:48:56 GMT]  
method:GET state:304 url:/auth/login response-time: 1.602 ms http-version: HTTP/1.1" content-length:-  address:::1 date_web:[Sat, 23 Dec 2023 11:48:56 GMT]  
method:GET state:404 url:/auth/css.css response-time: 0.598 ms http-version: HTTP/1.1" content-length:151  address:::1 date_web:[Sat, 23 Dec 2023 11:48:56 GMT]  
method:GET state:404 url:/auth/js.js response-time: 0.995 ms http-version: HTTP/1.1" content-length:149  address:::1 date_web:[Sat, 23 Dec 2023 11:48:56 GMT]  
method:GET state:404 url:/auth/css.css response-time: 1.381 ms http-version: HTTP/1.1" content-length:151  address:::1 date_web:[Sat, 23 Dec 2023 11:48:56 GMT]  
method:GET state:304 url:/auth/login response-time: 1.604 ms http-version: HTTP/1.1" content-length:-  address:::1 date_web:[Sat, 23 Dec 2023 11:48:56 GMT]  
method:GET state:404 url:/auth/js.js response-time: 2.643 ms http-version: HTTP/1.1" content-length:149  address:::1 date_web:[Sat, 23 Dec 2023 11:48:56 GMT]  
method:GET state:404 url:/auth/css.css response-time: 1.252 ms http-version: HTTP/1.1" content-length:151  address:::1 date_web:[Sat, 23 Dec 2023 11:48:56 GMT]  
method:GET state:404 url:/auth/js.js response-time: 1.252 ms http-version: HTTP/1.1" content-length:149  address:::1 date_web:[Sat, 23 Dec 2023 11:48:56 GMT]  
method:GET state:304 url:/auth/login response-time: 5.277 ms http-version: HTTP/1.1" content-length:-  address:::1 date_web:[Sat, 23 Dec 2023 11:48:57 GMT]  
method:GET state:304 url:/auth/login response-time: 1.794 ms http-version: HTTP/1.1" content-length:-  address:::1 date_web:[Sat, 23 Dec 2023 11:48:57 GMT]  
method:GET state:404 url:/auth/css.css response-time: 0.863 ms http-version: HTTP/1.1" content-length:151  address:::1 date_web:[Sat, 23 Dec 2023 11:48:57 GMT]  
method:GET state:404 url:/auth/js.js response-time: 1.210 ms http-version: HTTP/1.1" content-length:149  address:::1 date_web:[Sat, 23 Dec 2023 11:48:57 GMT]  
method:GET state:304 url:/auth/login response-time: 2.350 ms http-version: HTTP/1.1" content-length:-  address:::1 date_web:[Sat, 23 Dec 2023 11:48:57 GMT]  
method:GET state:404 url:/auth/css.css response-time: 0.836 ms http-version: HTTP/1.1" content-length:151  address:::1 date_web:[Sat, 23 Dec 2023 11:48:57 GMT]  
method:GET state:404 url:/auth/js.js response-time: 0.923 ms http-version: HTTP/1.1" content-length:149  address:::1 date_web:[Sat, 23 Dec 2023 11:48:57 GMT]  
method:GET state:404 url:/auth/css.css response-time: 0.987 ms http-version: HTTP/1.1" content-length:151  address:::1 date_web:[Sat, 23 Dec 2023 11:48:57 GMT]  
method:GET state:404 url:/auth/js.js response-time: 0.879 ms http-version: HTTP/1.1" content-length:149  address:::1 date_web:[Sat, 23 Dec 2023 11:48:57 GMT]  
method:POST state:400 url:/auth/login response-time: 2.080 ms http-version: HTTP/1.1" content-length:33  address:::1 date_web:[Sat, 23 Dec 2023 11:48:59 GMT]  
method:GET state:200 url:/auth/login response-time: 2.405 ms http-version: HTTP/1.1" content-length:3934  address:::1 date_web:[Sat, 23 Dec 2023 11:49:31 GMT]  
method:GET state:404 url:/auth/css.css response-time: 0.621 ms http-version: HTTP/1.1" content-length:151  address:::1 date_web:[Sat, 23 Dec 2023 11:49:31 GMT]  
method:GET state:404 url:/auth/js.js response-time: 0.942 ms http-version: HTTP/1.1" content-length:149  address:::1 date_web:[Sat, 23 Dec 2023 11:49:31 GMT]  
method:GET state:304 url:/auth/login response-time: 3.023 ms http-version: HTTP/1.1" content-length:-  address:::1 date_web:[Sat, 23 Dec 2023 11:49:31 GMT]  
method:GET state:304 url:/auth/login response-time: 1.784 ms http-version: HTTP/1.1" content-length:-  address:::1 date_web:[Sat, 23 Dec 2023 11:49:31 GMT]  
method:GET state:404 url:/auth/css.css response-time: 1.644 ms http-version: HTTP/1.1" content-length:151  address:::1 date_web:[Sat, 23 Dec 2023 11:49:31 GMT]  
method:GET state:404 url:/auth/js.js response-time: 0.753 ms http-version: HTTP/1.1" content-length:149  address:::1 date_web:[Sat, 23 Dec 2023 11:49:31 GMT]  
method:GET state:404 url:/auth/css.css response-time: 0.897 ms http-version: HTTP/1.1" content-length:151  address:::1 date_web:[Sat, 23 Dec 2023 11:49:31 GMT]  
method:GET state:404 url:/auth/js.js response-time: 0.700 ms http-version: HTTP/1.1" content-length:149  address:::1 date_web:[Sat, 23 Dec 2023 11:49:31 GMT]  
method:GET state:304 url:/auth/login response-time: 1.809 ms http-version: HTTP/1.1" content-length:-  address:::1 date_web:[Sat, 23 Dec 2023 11:49:32 GMT]  
method:GET state:304 url:/auth/login response-time: 1.351 ms http-version: HTTP/1.1" content-length:-  address:::1 date_web:[Sat, 23 Dec 2023 11:49:32 GMT]  
method:GET state:404 url:/auth/css.css response-time: 0.779 ms http-version: HTTP/1.1" content-length:151  address:::1 date_web:[Sat, 23 Dec 2023 11:49:32 GMT]  
method:GET state:404 url:/auth/js.js response-time: 0.770 ms http-version: HTTP/1.1" content-length:149  address:::1 date_web:[Sat, 23 Dec 2023 11:49:32 GMT]  
method:GET state:404 url:/auth/css.css response-time: 1.127 ms http-version: HTTP/1.1" content-length:151  address:::1 date_web:[Sat, 23 Dec 2023 11:49:32 GMT]  
method:GET state:404 url:/auth/js.js response-time: 0.985 ms http-version: HTTP/1.1" content-length:149  address:::1 date_web:[Sat, 23 Dec 2023 11:49:32 GMT]  
method:POST state:400 url:/auth/login response-time: 2.909 ms http-version: HTTP/1.1" content-length:33  address:::1 date_web:[Sat, 23 Dec 2023 11:49:34 GMT]  
method:GET state:200 url:/auth/login response-time: 2.935 ms http-version: HTTP/1.1" content-length:11150  address:::1 date_web:[Sat, 23 Dec 2023 11:50:06 GMT]  
method:GET state:404 url:/auth/css.css response-time: 0.603 ms http-version: HTTP/1.1" content-length:151  address:::1 date_web:[Sat, 23 Dec 2023 11:50:06 GMT]  
method:GET state:404 url:/auth/js.js response-time: 0.851 ms http-version: HTTP/1.1" content-length:149  address:::1 date_web:[Sat, 23 Dec 2023 11:50:06 GMT]  
method:POST state:400 url:/auth/login response-time: 2.386 ms http-version: HTTP/1.1" content-length:33  address:::1 date_web:[Sat, 23 Dec 2023 11:50:36 GMT]  
method:POST state:400 url:/auth/login response-time: 1.680 ms http-version: HTTP/1.1" content-length:33  address:::1 date_web:[Sat, 23 Dec 2023 11:50:40 GMT]  
method:GET state:200 url:/auth/login response-time: 2.456 ms http-version: HTTP/1.1" content-length:3934  address:::1 date_web:[Sat, 23 Dec 2023 11:51:05 GMT]  
method:GET state:404 url:/auth/css.css response-time: 0.628 ms http-version: HTTP/1.1" content-length:151  address:::1 date_web:[Sat, 23 Dec 2023 11:51:05 GMT]  
method:GET state:404 url:/auth/js.js response-time: 0.662 ms http-version: HTTP/1.1" content-length:149  address:::1 date_web:[Sat, 23 Dec 2023 11:51:05 GMT]  
method:GET state:304 url:/auth/login response-time: 1.767 ms http-version: HTTP/1.1" content-length:-  address:::1 date_web:[Sat, 23 Dec 2023 11:51:14 GMT]  
method:GET state:404 url:/auth/css.css response-time: 0.653 ms http-version: HTTP/1.1" content-length:151  address:::1 date_web:[Sat, 23 Dec 2023 11:51:14 GMT]  
method:GET state:404 url:/auth/js.js response-time: 0.468 ms http-version: HTTP/1.1" content-length:149  address:::1 date_web:[Sat, 23 Dec 2023 11:51:14 GMT]  
method:POST state:400 url:/auth/login response-time: 1.975 ms http-version: HTTP/1.1" content-length:33  address:::1 date_web:[Sat, 23 Dec 2023 11:51:16 GMT]  
method:GET state:200 url:/auth/login response-time: 2.710 ms http-version: HTTP/1.1" content-length:5208  address:::1 date_web:[Sat, 23 Dec 2023 11:54:07 GMT]  
method:POST state:400 url:/auth/login response-time: 1.387 ms http-version: HTTP/1.1" content-length:33  address:::1 date_web:[Sat, 23 Dec 2023 11:54:34 GMT]  
method:POST state:400 url:/auth/login response-time: 1.560 ms http-version: HTTP/1.1" content-length:33  address:::1 date_web:[Sat, 23 Dec 2023 11:54:45 GMT]  
method:POST state:400 url:/auth/login response-time: 5.082 ms http-version: HTTP/1.1" content-length:33  address:::1 date_web:[Sat, 23 Dec 2023 11:55:31 GMT]  
method:GET state:200 url:/auth/login response-time: 2.629 ms http-version: HTTP/1.1" content-length:3934  address:::1 date_web:[Sat, 23 Dec 2023 11:55:54 GMT]  
method:GET state:404 url:/auth/css.css response-time: 0.737 ms http-version: HTTP/1.1" content-length:151  address:::1 date_web:[Sat, 23 Dec 2023 11:55:54 GMT]  
method:GET state:404 url:/auth/js.js response-time: 0.858 ms http-version: HTTP/1.1" content-length:149  address:::1 date_web:[Sat, 23 Dec 2023 11:55:54 GMT]  
method:POST state:400 url:/auth/login response-time: 1.984 ms http-version: HTTP/1.1" content-length:33  address:::1 date_web:[Sat, 23 Dec 2023 11:55:58 GMT]  
method:GET state:200 url:/auth/login response-time: 1.599 ms http-version: HTTP/1.1" content-length:3809  address:::1 date_web:[Sat, 23 Dec 2023 11:56:26 GMT]  
method:GET state:404 url:/auth/css.css response-time: 0.717 ms http-version: HTTP/1.1" content-length:151  address:::1 date_web:[Sat, 23 Dec 2023 11:56:26 GMT]  
method:GET state:404 url:/auth/js.js response-time: 0.783 ms http-version: HTTP/1.1" content-length:149  address:::1 date_web:[Sat, 23 Dec 2023 11:56:26 GMT]  
method:POST state:400 url:/auth/login response-time: 2.850 ms http-version: HTTP/1.1" content-length:33  address:::1 date_web:[Sat, 23 Dec 2023 11:56:29 GMT]  
method:GET state:200 url:/auth/login response-time: 2.871 ms http-version: HTTP/1.1" content-length:4845  address:::1 date_web:[Sat, 23 Dec 2023 11:58:08 GMT]  
method:GET state:404 url:/auth/css.css response-time: 0.636 ms http-version: HTTP/1.1" content-length:151  address:::1 date_web:[Sat, 23 Dec 2023 11:58:08 GMT]  
method:GET state:404 url:/auth/js.js response-time: 0.665 ms http-version: HTTP/1.1" content-length:149  address:::1 date_web:[Sat, 23 Dec 2023 11:58:08 GMT]  
method:POST state:400 url:/auth/login response-time: 1.683 ms http-version: HTTP/1.1" content-length:33  address:::1 date_web:[Sat, 23 Dec 2023 11:58:09 GMT]  
method:GET state:200 url:/auth/login response-time: 20.039 ms http-version: HTTP/1.1" content-length:3822  address:::1 date_web:[Sat, 23 Dec 2023 11:59:05 GMT]  
method:GET state:404 url:/auth/css.css response-time: 4.107 ms http-version: HTTP/1.1" content-length:151  address:::1 date_web:[Sat, 23 Dec 2023 11:59:05 GMT]  
method:GET state:404 url:/auth/js.js response-time: 2.251 ms http-version: HTTP/1.1" content-length:149  address:::1 date_web:[Sat, 23 Dec 2023 11:59:05 GMT]  
method:POST state:400 url:/auth/login response-time: 12.225 ms http-version: HTTP/1.1" content-length:33  address:::1 date_web:[Sat, 23 Dec 2023 11:59:18 GMT]  
method:POST state:400 url:/auth/login response-time: 2.111 ms http-version: HTTP/1.1" content-length:33  address:::1 date_web:[Sat, 23 Dec 2023 11:59:37 GMT]  
method:GET state:200 url:/auth/login response-time: 1.915 ms http-version: HTTP/1.1" content-length:3768  address:::1 date_web:[Sat, 23 Dec 2023 12:00:12 GMT]  
method:GET state:404 url:/auth/css.css response-time: 0.894 ms http-version: HTTP/1.1" content-length:151  address:::1 date_web:[Sat, 23 Dec 2023 12:00:12 GMT]  
method:GET state:404 url:/auth/js.js response-time: 3.079 ms http-version: HTTP/1.1" content-length:149  address:::1 date_web:[Sat, 23 Dec 2023 12:00:12 GMT]  
method:GET state:304 url:/auth/login response-time: 3.190 ms http-version: HTTP/1.1" content-length:-  address:::1 date_web:[Sat, 23 Dec 2023 12:00:12 GMT]  
method:GET state:304 url:/auth/login response-time: 2.141 ms http-version: HTTP/1.1" content-length:-  address:::1 date_web:[Sat, 23 Dec 2023 12:00:12 GMT]  
method:GET state:404 url:/auth/css.css response-time: 3.244 ms http-version: HTTP/1.1" content-length:151  address:::1 date_web:[Sat, 23 Dec 2023 12:00:12 GMT]  
method:GET state:304 url:/auth/login response-time: 1.946 ms http-version: HTTP/1.1" content-length:-  address:::1 date_web:[Sat, 23 Dec 2023 12:00:12 GMT]  
method:GET state:404 url:/auth/css.css response-time: 1.281 ms http-version: HTTP/1.1" content-length:151  address:::1 date_web:[Sat, 23 Dec 2023 12:00:13 GMT]  
method:GET state:404 url:/auth/js.js response-time: 0.911 ms http-version: HTTP/1.1" content-length:149  address:::1 date_web:[Sat, 23 Dec 2023 12:00:13 GMT]  
method:GET state:404 url:/auth/css.css response-time: 1.121 ms http-version: HTTP/1.1" content-length:151  address:::1 date_web:[Sat, 23 Dec 2023 12:00:13 GMT]  
method:GET state:404 url:/auth/js.js response-time: 1.414 ms http-version: HTTP/1.1" content-length:149  address:::1 date_web:[Sat, 23 Dec 2023 12:00:13 GMT]  
method:POST state:400 url:/auth/login response-time: 2.146 ms http-version: HTTP/1.1" content-length:33  address:::1 date_web:[Sat, 23 Dec 2023 12:00:14 GMT]  
method:GET state:200 url:/auth/login response-time: 1.796 ms http-version: HTTP/1.1" content-length:1052  address:::1 date_web:[Sat, 23 Dec 2023 12:01:26 GMT]  
method:GET state:404 url:/auth/css.css response-time: 1.075 ms http-version: HTTP/1.1" content-length:151  address:::1 date_web:[Sat, 23 Dec 2023 12:01:26 GMT]  
method:GET state:404 url:/auth/js.js response-time: 1.550 ms http-version: HTTP/1.1" content-length:149  address:::1 date_web:[Sat, 23 Dec 2023 12:01:26 GMT]  
method:POST state:400 url:/auth/login response-time: 2.676 ms http-version: HTTP/1.1" content-length:33  address:::1 date_web:[Sat, 23 Dec 2023 12:01:36 GMT]  
method:GET state:200 url:/auth/login response-time: 3.168 ms http-version: HTTP/1.1" content-length:610  address:::1 date_web:[Sat, 23 Dec 2023 12:01:52 GMT]  
method:GET state:404 url:/auth/css.css response-time: 0.770 ms http-version: HTTP/1.1" content-length:151  address:::1 date_web:[Sat, 23 Dec 2023 12:01:52 GMT]  
method:GET state:404 url:/auth/js.js response-time: 1.241 ms http-version: HTTP/1.1" content-length:149  address:::1 date_web:[Sat, 23 Dec 2023 12:01:52 GMT]  
method:POST state:400 url:/auth/login response-time: 1.350 ms http-version: HTTP/1.1" content-length:33  address:::1 date_web:[Sat, 23 Dec 2023 12:01:55 GMT]  
method:POST state:400 url:/auth/login response-time: 20.451 ms http-version: HTTP/1.1" content-length:33  address:::1 date_web:[Sat, 23 Dec 2023 12:04:54 GMT]  
method:POST state:400 url:/auth/login response-time: 17.270 ms http-version: HTTP/1.1" content-length:33  address:::1 date_web:[Sat, 23 Dec 2023 12:05:29 GMT]  
method:POST state:400 url:/auth/login response-time: 3.317 ms http-version: HTTP/1.1" content-length:33  address:::1 date_web:[Sat, 23 Dec 2023 12:05:37 GMT]  
method:POST state:- url:/auth/login response-time: - ms http-version: HTTP/1.1" content-length:-  address:::1 date_web:[Sat, 23 Dec 2023 12:12:36 GMT]  
method:POST state:- url:/auth/login response-time: - ms http-version: HTTP/1.1" content-length:-  address:::1 date_web:[Sat, 23 Dec 2023 12:12:55 GMT]  
method:POST state:- url:/auth/login response-time: - ms http-version: HTTP/1.1" content-length:-  address:::1 date_web:[Sat, 23 Dec 2023 12:13:39 GMT]  
method:POST state:- url:/auth/login response-time: - ms http-version: HTTP/1.1" content-length:-  address:::1 date_web:[Sat, 23 Dec 2023 12:14:19 GMT]  
method:POST state:404 url:/login response-time: 8.942 ms http-version: HTTP/1.1" content-length:145  address:::1 date_web:[Sat, 23 Dec 2023 12:15:53 GMT]  
method:GET state:500 url:/auth/login response-time: 10.227 ms http-version: HTTP/1.1" content-length:1501  address:::1 date_web:[Sat, 23 Dec 2023 12:16:03 GMT]  
method:GET state:200 url:/auth/login response-time: 11.400 ms http-version: HTTP/1.1" content-length:615  address:::1 date_web:[Sat, 23 Dec 2023 12:17:07 GMT]  
method:GET state:404 url:/auth/css.css response-time: 1.455 ms http-version: HTTP/1.1" content-length:151  address:::1 date_web:[Sat, 23 Dec 2023 12:17:08 GMT]  
method:GET state:404 url:/auth/js.js response-time: 1.258 ms http-version: HTTP/1.1" content-length:149  address:::1 date_web:[Sat, 23 Dec 2023 12:17:08 GMT]  
method:POST state:404 url:/auth/auth/login response-time: 1.277 ms http-version: HTTP/1.1" content-length:155  address:::1 date_web:[Sat, 23 Dec 2023 12:17:14 GMT]  
method:POST state:404 url:/auth/auth/login response-time: 9.663 ms http-version: HTTP/1.1" content-length:155  address:::1 date_web:[Sat, 23 Dec 2023 12:17:28 GMT]  
method:GET state:200 url:/auth/login response-time: 19.351 ms http-version: HTTP/1.1" content-length:610  address:::1 date_web:[Sat, 23 Dec 2023 12:17:54 GMT]  
method:GET state:404 url:/auth/css.css response-time: 1.922 ms http-version: HTTP/1.1" content-length:151  address:::1 date_web:[Sat, 23 Dec 2023 12:17:54 GMT]  
method:GET state:404 url:/auth/js.js response-time: 0.917 ms http-version: HTTP/1.1" content-length:149  address:::1 date_web:[Sat, 23 Dec 2023 12:17:54 GMT]  
method:POST state:400 url:/auth/login response-time: 9.377 ms http-version: HTTP/1.1" content-length:33  address:::1 date_web:[Sat, 23 Dec 2023 12:18:01 GMT]  
method:POST state:400 url:/auth/login response-time: 1.601 ms http-version: HTTP/1.1" content-length:33  address:::1 date_web:[Sat, 23 Dec 2023 12:19:38 GMT]  
method:POST state:400 url:/auth/login response-time: 1.314 ms http-version: HTTP/1.1" content-length:33  address:::1 date_web:[Sat, 23 Dec 2023 12:19:50 GMT]  
method:POST state:400 url:/auth/login response-time: 17.903 ms http-version: HTTP/1.1" content-length:33  address:::1 date_web:[Sat, 23 Dec 2023 12:21:13 GMT]  
method:OPTIONS state:204 url:/auth/login response-time: 0.536 ms http-version: HTTP/1.1" content-length:0  address:::1 date_web:[Sat, 23 Dec 2023 12:27:07 GMT]  
method:POST state:400 url:/auth/login response-time: 5.933 ms http-version: HTTP/1.1" content-length:80  address:::1 date_web:[Sat, 23 Dec 2023 12:27:07 GMT]  
method:OPTIONS state:204 url:/auth/login response-time: 0.233 ms http-version: HTTP/1.1" content-length:0  address:::1 date_web:[Sat, 23 Dec 2023 12:27:16 GMT]  
method:POST state:400 url:/auth/login response-time: 2.235 ms http-version: HTTP/1.1" content-length:80  address:::1 date_web:[Sat, 23 Dec 2023 12:27:16 GMT]  
method:OPTIONS state:204 url:/auth/login response-time: 2.747 ms http-version: HTTP/1.1" content-length:0  address:::1 date_web:[Sat, 23 Dec 2023 12:30:29 GMT]  
method:POST state:400 url:/auth/login response-time: 16.339 ms http-version: HTTP/1.1" content-length:80  address:::1 date_web:[Sat, 23 Dec 2023 12:30:29 GMT]  
method:OPTIONS state:204 url:/auth/login response-time: 0.292 ms http-version: HTTP/1.1" content-length:0  address:::1 date_web:[Sat, 23 Dec 2023 12:30:29 GMT]  
method:POST state:400 url:/auth/login response-time: 2.541 ms http-version: HTTP/1.1" content-length:80  address:::1 date_web:[Sat, 23 Dec 2023 12:30:29 GMT]  
method:OPTIONS state:204 url:/auth/login response-time: 0.223 ms http-version: HTTP/1.1" content-length:0  address:::1 date_web:[Sat, 23 Dec 2023 12:30:30 GMT]  
method:POST state:400 url:/auth/login response-time: 2.151 ms http-version: HTTP/1.1" content-length:80  address:::1 date_web:[Sat, 23 Dec 2023 12:30:30 GMT]  
method:OPTIONS state:204 url:/auth/login response-time: 0.253 ms http-version: HTTP/1.1" content-length:0  address:::1 date_web:[Sat, 23 Dec 2023 12:30:30 GMT]  
method:POST state:400 url:/auth/login response-time: 2.307 ms http-version: HTTP/1.1" content-length:80  address:::1 date_web:[Sat, 23 Dec 2023 12:30:30 GMT]  
method:OPTIONS state:204 url:/auth/login response-time: 1.756 ms http-version: HTTP/1.1" content-length:0  address:::1 date_web:[Sat, 23 Dec 2023 12:30:55 GMT]  
method:POST state:400 url:/auth/login response-time: 10.768 ms http-version: HTTP/1.1" content-length:80  address:::1 date_web:[Sat, 23 Dec 2023 12:30:56 GMT]  
method:OPTIONS state:204 url:/auth/login response-time: 0.194 ms http-version: HTTP/1.1" content-length:0  address:::1 date_web:[Sat, 23 Dec 2023 12:30:56 GMT]  
method:POST state:400 url:/auth/login response-time: 3.434 ms http-version: HTTP/1.1" content-length:80  address:::1 date_web:[Sat, 23 Dec 2023 12:30:56 GMT]  
method:OPTIONS state:204 url:/auth/login response-time: 0.539 ms http-version: HTTP/1.1" content-length:0  address:::1 date_web:[Sat, 23 Dec 2023 12:30:58 GMT]  
method:POST state:400 url:/auth/login response-time: 2.622 ms http-version: HTTP/1.1" content-length:80  address:::1 date_web:[Sat, 23 Dec 2023 12:30:58 GMT]  
method:OPTIONS state:204 url:/auth/login response-time: 1.441 ms http-version: HTTP/1.1" content-length:0  address:::1 date_web:[Sat, 23 Dec 2023 12:31:33 GMT]  
method:POST state:400 url:/auth/login response-time: 7.567 ms http-version: HTTP/1.1" content-length:80  address:::1 date_web:[Sat, 23 Dec 2023 12:31:33 GMT]  
method:OPTIONS state:204 url:/auth/login response-time: 2.958 ms http-version: HTTP/1.1" content-length:0  address:::1 date_web:[Sat, 23 Dec 2023 12:35:44 GMT]  
method:POST state:400 url:/auth/login response-time: 10.540 ms http-version: HTTP/1.1" content-length:80  address:::1 date_web:[Sat, 23 Dec 2023 12:35:44 GMT]  
method:OPTIONS state:204 url:/auth/login response-time: 0.286 ms http-version: HTTP/1.1" content-length:0  address:::1 date_web:[Sat, 23 Dec 2023 12:35:48 GMT]  
method:POST state:400 url:/auth/login response-time: 1.883 ms http-version: HTTP/1.1" content-length:80  address:::1 date_web:[Sat, 23 Dec 2023 12:35:48 GMT]  
method:OPTIONS state:204 url:/auth/login response-time: 2.649 ms http-version: HTTP/1.1" content-length:0  address:::1 date_web:[Sat, 23 Dec 2023 12:41:04 GMT]  
method:POST state:400 url:/auth/login response-time: 9.639 ms http-version: HTTP/1.1" content-length:66  address:::1 date_web:[Sat, 23 Dec 2023 12:41:04 GMT]  
method:OPTIONS state:204 url:/auth/login response-time: 1.453 ms http-version: HTTP/1.1" content-length:0  address:::1 date_web:[Tue, 26 Dec 2023 18:25:14 GMT]  
method:POST state:400 url:/auth/login response-time: 9.236 ms http-version: HTTP/1.1" content-length:33  address:::1 date_web:[Tue, 26 Dec 2023 18:25:14 GMT]  
method:OPTIONS state:204 url:/auth/login response-time: 2.432 ms http-version: HTTP/1.1" content-length:0  address:::1 date_web:[Tue, 26 Dec 2023 18:26:23 GMT]  
method:POST state:400 url:/auth/login response-time: 10.251 ms http-version: HTTP/1.1" content-length:66  address:::1 date_web:[Tue, 26 Dec 2023 18:26:23 GMT]  
method:OPTIONS state:204 url:/auth/login response-time: 0.682 ms http-version: HTTP/1.1" content-length:0  address:::1 date_web:[Tue, 26 Dec 2023 18:26:26 GMT]  
method:POST state:400 url:/auth/login response-time: 1.015 ms http-version: HTTP/1.1" content-length:48  address:::1 date_web:[Tue, 26 Dec 2023 18:26:26 GMT]  
method:OPTIONS state:204 url:/auth/login response-time: 0.358 ms http-version: HTTP/1.1" content-length:0  address:::1 date_web:[Tue, 26 Dec 2023 18:26:39 GMT]  
method:POST state:400 url:/auth/login response-time: 4.138 ms http-version: HTTP/1.1" content-length:49  address:::1 date_web:[Tue, 26 Dec 2023 18:26:39 GMT]  
method:POST state:400 url:/auth/signup response-time: 1.225 ms http-version: HTTP/1.1" content-length:33  address:::1 date_web:[Tue, 26 Dec 2023 18:27:24 GMT]  
method:POST state:400 url:/auth/signup response-time: 489.771 ms http-version: HTTP/1.1" content-length:64  address:::1 date_web:[Tue, 26 Dec 2023 18:27:46 GMT]  
method:POST state:400 url:/auth/signup response-time: 9.899 ms http-version: HTTP/1.1" content-length:80  address:::1 date_web:[Tue, 26 Dec 2023 18:28:51 GMT]  
method:POST state:400 url:/auth/signup response-time: 18.976 ms http-version: HTTP/1.1" content-length:33  address:::1 date_web:[Tue, 26 Dec 2023 18:30:55 GMT]  
method:POST state:201 url:/auth/signup response-time: 840.501 ms http-version: HTTP/1.1" content-length:228  address:::1 date_web:[Tue, 26 Dec 2023 18:31:05 GMT]  
method:POST state:400 url:/auth/signup response-time: 47.773 ms http-version: HTTP/1.1" content-length:47  address:::1 date_web:[Tue, 26 Dec 2023 18:31:44 GMT]  
method:POST state:201 url:/auth/login response-time: 775.855 ms http-version: HTTP/1.1" content-length:228  address:::1 date_web:[Tue, 26 Dec 2023 18:32:03 GMT]  
method:OPTIONS state:204 url:/auth/login response-time: 1.446 ms http-version: HTTP/1.1" content-length:0  address:::1 date_web:[Tue, 26 Dec 2023 18:32:22 GMT]  
method:POST state:201 url:/auth/login response-time: 533.788 ms http-version: HTTP/1.1" content-length:228  address:::1 date_web:[Tue, 26 Dec 2023 18:32:23 GMT]  
method:POST state:400 url:/contact response-time: 13.803 ms http-version: HTTP/1.1" content-length:45  address:::1 date_web:[Tue, 26 Dec 2023 18:34:24 GMT]  
method:POST state:201 url:/auth/login response-time: 609.942 ms http-version: HTTP/1.1" content-length:228  address:::1 date_web:[Tue, 26 Dec 2023 18:34:42 GMT]  
method:POST state:400 url:/contact response-time: 3.337 ms http-version: HTTP/1.1" content-length:80  address:::1 date_web:[Tue, 26 Dec 2023 18:34:51 GMT]  
method:POST state:400 url:/contact response-time: 1.204 ms http-version: HTTP/1.1" content-length:80  address:::1 date_web:[Tue, 26 Dec 2023 18:35:13 GMT]  
method:POST state:201 url:/auth/signup response-time: 569.460 ms http-version: HTTP/1.1" content-length:228  address:::1 date_web:[Tue, 26 Dec 2023 18:36:13 GMT]  
method:POST state:201 url:/contact response-time: 21.676 ms http-version: HTTP/1.1" content-length:54  address:::1 date_web:[Tue, 26 Dec 2023 18:36:50 GMT]  
method:GET state:200 url:/contact response-time: 14.205 ms http-version: HTTP/1.1" content-length:321  address:::1 date_web:[Tue, 26 Dec 2023 18:39:29 GMT]  
method:OPTIONS state:204 url:/auth/login response-time: 4.319 ms http-version: HTTP/1.1" content-length:0  address:::1 date_web:[Tue, 26 Dec 2023 18:40:42 GMT]  
method:POST state:400 url:/auth/login response-time: 14.151 ms http-version: HTTP/1.1" content-length:51  address:::1 date_web:[Tue, 26 Dec 2023 18:40:42 GMT]  
method:OPTIONS state:204 url:/auth/login response-time: 0.412 ms http-version: HTTP/1.1" content-length:0  address:::1 date_web:[Tue, 26 Dec 2023 18:41:28 GMT]  
method:POST state:201 url:/auth/login response-time: 1752.357 ms http-version: HTTP/1.1" content-length:228  address:::1 date_web:[Tue, 26 Dec 2023 18:41:30 GMT]  
method:OPTIONS state:204 url:/auth/login response-time: 3.323 ms http-version: HTTP/1.1" content-length:0  address:::1 date_web:[Tue, 26 Dec 2023 18:42:05 GMT]  
method:POST state:201 url:/auth/login response-time: 594.017 ms http-version: HTTP/1.1" content-length:228  address:::1 date_web:[Tue, 26 Dec 2023 18:42:06 GMT]  
method:OPTIONS state:204 url:/contact response-time: 0.563 ms http-version: HTTP/1.1" content-length:0  address:::1 date_web:[Tue, 26 Dec 2023 18:42:07 GMT]  
method:GET state:400 url:/contact response-time: 2.825 ms http-version: HTTP/1.1" content-length:81  address:::1 date_web:[Tue, 26 Dec 2023 18:42:07 GMT]  
method:OPTIONS state:204 url:/contact response-time: 5.012 ms http-version: HTTP/1.1" content-length:0  address:::1 date_web:[Tue, 26 Dec 2023 18:42:54 GMT]  
method:GET state:400 url:/contact response-time: 9.175 ms http-version: HTTP/1.1" content-length:81  address:::1 date_web:[Tue, 26 Dec 2023 18:42:54 GMT]  
method:OPTIONS state:204 url:/contact response-time: 3.569 ms http-version: HTTP/1.1" content-length:0  address:::1 date_web:[Tue, 26 Dec 2023 18:43:19 GMT]  
method:GET state:400 url:/contact response-time: 12.845 ms http-version: HTTP/1.1" content-length:81  address:::1 date_web:[Tue, 26 Dec 2023 18:43:19 GMT]  
method:OPTIONS state:204 url:/contact response-time: 0.385 ms http-version: HTTP/1.1" content-length:0  address:::1 date_web:[Tue, 26 Dec 2023 18:43:20 GMT]  
method:GET state:400 url:/contact response-time: 1.531 ms http-version: HTTP/1.1" content-length:81  address:::1 date_web:[Tue, 26 Dec 2023 18:43:20 GMT]  
method:OPTIONS state:204 url:/contact response-time: 3.557 ms http-version: HTTP/1.1" content-length:0  address:::1 date_web:[Tue, 26 Dec 2023 18:43:33 GMT]  
method:GET state:400 url:/contact response-time: 13.223 ms http-version: HTTP/1.1" content-length:81  address:::1 date_web:[Tue, 26 Dec 2023 18:43:33 GMT]  
method:OPTIONS state:204 url:/contact response-time: 3.506 ms http-version: HTTP/1.1" content-length:0  address:::ffff:127.0.0.1 date_web:[Tue, 26 Dec 2023 18:43:49 GMT]  
method:GET state:400 url:/contact response-time: 9.635 ms http-version: HTTP/1.1" content-length:81  address:::ffff:127.0.0.1 date_web:[Tue, 26 Dec 2023 18:43:49 GMT]  
method:OPTIONS state:204 url:/contact response-time: 3.641 ms http-version: HTTP/1.1" content-length:0  address:::1 date_web:[Tue, 26 Dec 2023 18:44:20 GMT]  
method:GET state:200 url:/contact response-time: 12.334 ms http-version: HTTP/1.1" content-length:321  address:::1 date_web:[Tue, 26 Dec 2023 18:44:20 GMT]  
method:OPTIONS state:204 url:/contact response-time: 0.646 ms http-version: HTTP/1.1" content-length:0  address:::ffff:127.0.0.1 date_web:[Tue, 26 Dec 2023 18:44:28 GMT]  
method:GET state:304 url:/contact response-time: 2.185 ms http-version: HTTP/1.1" content-length:-  address:::ffff:127.0.0.1 date_web:[Tue, 26 Dec 2023 18:44:28 GMT]  
method:OPTIONS state:204 url:/contact response-time: 3.141 ms http-version: HTTP/1.1" content-length:0  address:::1 date_web:[Tue, 26 Dec 2023 18:44:39 GMT]  
method:GET state:304 url:/contact response-time: 14.723 ms http-version: HTTP/1.1" content-length:-  address:::1 date_web:[Tue, 26 Dec 2023 18:44:40 GMT]  
method:OPTIONS state:204 url:/contact response-time: 8.394 ms http-version: HTTP/1.1" content-length:0  address:::1 date_web:[Tue, 26 Dec 2023 18:47:28 GMT]  
method:GET state:304 url:/contact response-time: 28.477 ms http-version: HTTP/1.1" content-length:-  address:::1 date_web:[Tue, 26 Dec 2023 18:47:28 GMT]  
method:OPTIONS state:204 url:/contact response-time: 0.674 ms http-version: HTTP/1.1" content-length:0  address:::ffff:127.0.0.1 date_web:[Tue, 26 Dec 2023 18:47:34 GMT]  
method:GET state:304 url:/contact response-time: 2.311 ms http-version: HTTP/1.1" content-length:-  address:::ffff:127.0.0.1 date_web:[Tue, 26 Dec 2023 18:47:34 GMT]  
method:OPTIONS state:204 url:/auth/login response-time: 3.204 ms http-version: HTTP/1.1" content-length:0  address:::1 date_web:[Tue, 26 Dec 2023 18:48:33 GMT]  
method:POST state:201 url:/auth/login response-time: 544.104 ms http-version: HTTP/1.1" content-length:228  address:::1 date_web:[Tue, 26 Dec 2023 18:48:34 GMT]  
method:OPTIONS state:204 url:/contact response-time: 0.990 ms http-version: HTTP/1.1" content-length:0  address:::1 date_web:[Tue, 26 Dec 2023 18:48:35 GMT]  
method:GET state:304 url:/contact response-time: 5.538 ms http-version: HTTP/1.1" content-length:-  address:::1 date_web:[Tue, 26 Dec 2023 18:48:35 GMT]  
method:OPTIONS state:204 url:/auth/login response-time: 2.234 ms http-version: HTTP/1.1" content-length:0  address:::1 date_web:[Wed, 27 Dec 2023 05:24:18 GMT]  
method:POST state:400 url:/auth/login response-time: 13.675 ms http-version: HTTP/1.1" content-length:122  address:::1 date_web:[Wed, 27 Dec 2023 05:24:18 GMT]  
method:OPTIONS state:204 url:/auth/login response-time: 0.285 ms http-version: HTTP/1.1" content-length:0  address:::1 date_web:[Wed, 27 Dec 2023 05:26:18 GMT]  
method:POST state:400 url:/auth/login response-time: 1.621 ms http-version: HTTP/1.1" content-length:122  address:::1 date_web:[Wed, 27 Dec 2023 05:26:18 GMT]  
method:OPTIONS state:204 url:/auth/login response-time: 0.259 ms http-version: HTTP/1.1" content-length:0  address:::1 date_web:[Wed, 27 Dec 2023 05:26:34 GMT]  
method:POST state:201 url:/auth/login response-time: 1164.111 ms http-version: HTTP/1.1" content-length:228  address:::1 date_web:[Wed, 27 Dec 2023 05:26:35 GMT]  
method:OPTIONS state:204 url:/auth/login response-time: 0.545 ms http-version: HTTP/1.1" content-length:0  address:::1 date_web:[Wed, 27 Dec 2023 05:26:35 GMT]  
method:POST state:- url:/auth/login response-time: - ms http-version: HTTP/1.1" content-length:-  address:::1 date_web:[Wed, 27 Dec 2023 05:26:36 GMT]  
method:OPTIONS state:204 url:/contact response-time: 0.271 ms http-version: HTTP/1.1" content-length:0  address:::1 date_web:[Wed, 27 Dec 2023 05:26:36 GMT]  
method:GET state:304 url:/contact response-time: 3.713 ms http-version: HTTP/1.1" content-length:-  address:::1 date_web:[Wed, 27 Dec 2023 05:26:36 GMT]  
method:OPTIONS state:204 url:/employee/search response-time: 0.314 ms http-version: HTTP/1.1" content-length:0  address:::1 date_web:[Wed, 27 Dec 2023 05:26:49 GMT]  
method:POST state:404 url:/employee/search response-time: 2.294 ms http-version: HTTP/1.1" content-length:155  address:::1 date_web:[Wed, 27 Dec 2023 05:26:49 GMT]  
method:OPTIONS state:204 url:/contact response-time: 0.351 ms http-version: HTTP/1.1" content-length:0  address:::1 date_web:[Wed, 27 Dec 2023 05:28:09 GMT]  
method:GET state:304 url:/contact response-time: 1.356 ms http-version: HTTP/1.1" content-length:-  address:::1 date_web:[Wed, 27 Dec 2023 05:28:09 GMT]  
method:OPTIONS state:204 url:/contact response-time: 0.355 ms http-version: HTTP/1.1" content-length:0  address:::1 date_web:[Wed, 27 Dec 2023 05:28:09 GMT]  
method:GET state:304 url:/contact response-time: 0.948 ms http-version: HTTP/1.1" content-length:-  address:::1 date_web:[Wed, 27 Dec 2023 05:28:09 GMT]  
method:OPTIONS state:204 url:/contact response-time: 0.249 ms http-version: HTTP/1.1" content-length:0  address:::1 date_web:[Wed, 27 Dec 2023 05:31:09 GMT]  
method:GET state:304 url:/contact response-time: 0.803 ms http-version: HTTP/1.1" content-length:-  address:::1 date_web:[Wed, 27 Dec 2023 05:31:09 GMT]  
method:OPTIONS state:204 url:/contact response-time: 0.354 ms http-version: HTTP/1.1" content-length:0  address:::1 date_web:[Wed, 27 Dec 2023 05:31:10 GMT]  
method:GET state:304 url:/contact response-time: 1.388 ms http-version: HTTP/1.1" content-length:-  address:::1 date_web:[Wed, 27 Dec 2023 05:31:10 GMT]  
method:OPTIONS state:204 url:/auth/login response-time: 0.172 ms http-version: HTTP/1.1" content-length:0  address:::1 date_web:[Wed, 27 Dec 2023 05:32:51 GMT]  
method:POST state:400 url:/auth/login response-time: 1.263 ms http-version: HTTP/1.1" content-length:66  address:::1 date_web:[Wed, 27 Dec 2023 05:32:51 GMT]  
method:OPTIONS state:204 url:/auth/login response-time: 0.182 ms http-version: HTTP/1.1" content-length:0  address:::1 date_web:[Wed, 27 Dec 2023 05:33:02 GMT]  
method:POST state:201 url:/auth/login response-time: 601.138 ms http-version: HTTP/1.1" content-length:228  address:::1 date_web:[Wed, 27 Dec 2023 05:33:02 GMT]  
method:OPTIONS state:204 url:/contact response-time: 0.248 ms http-version: HTTP/1.1" content-length:0  address:::1 date_web:[Wed, 27 Dec 2023 05:33:04 GMT]  
method:GET state:304 url:/contact response-time: 1.009 ms http-version: HTTP/1.1" content-length:-  address:::1 date_web:[Wed, 27 Dec 2023 05:33:04 GMT]  
method:OPTIONS state:204 url:/contact response-time: 0.220 ms http-version: HTTP/1.1" content-length:0  address:::1 date_web:[Wed, 27 Dec 2023 05:33:47 GMT]  
method:GET state:304 url:/contact response-time: 1.110 ms http-version: HTTP/1.1" content-length:-  address:::1 date_web:[Wed, 27 Dec 2023 05:33:47 GMT]  
method:OPTIONS state:204 url:/contact response-time: 0.285 ms http-version: HTTP/1.1" content-length:0  address:::1 date_web:[Wed, 27 Dec 2023 05:34:00 GMT]  
method:GET state:304 url:/contact response-time: 0.821 ms http-version: HTTP/1.1" content-length:-  address:::1 date_web:[Wed, 27 Dec 2023 05:34:00 GMT]  
method:OPTIONS state:204 url:/contact response-time: 0.226 ms http-version: HTTP/1.1" content-length:0  address:::1 date_web:[Wed, 27 Dec 2023 05:34:30 GMT]  
method:GET state:304 url:/contact response-time: 0.831 ms http-version: HTTP/1.1" content-length:-  address:::1 date_web:[Wed, 27 Dec 2023 05:34:30 GMT]  
method:OPTIONS state:204 url:/contact response-time: 0.239 ms http-version: HTTP/1.1" content-length:0  address:::1 date_web:[Wed, 27 Dec 2023 05:34:57 GMT]  
method:GET state:304 url:/contact response-time: 0.800 ms http-version: HTTP/1.1" content-length:-  address:::1 date_web:[Wed, 27 Dec 2023 05:34:57 GMT]  
method:OPTIONS state:204 url:/contact response-time: 0.175 ms http-version: HTTP/1.1" content-length:0  address:::1 date_web:[Wed, 27 Dec 2023 05:35:13 GMT]  
method:GET state:304 url:/contact response-time: 0.777 ms http-version: HTTP/1.1" content-length:-  address:::1 date_web:[Wed, 27 Dec 2023 05:35:13 GMT]  
method:OPTIONS state:204 url:/contact response-time: 0.237 ms http-version: HTTP/1.1" content-length:0  address:::1 date_web:[Wed, 27 Dec 2023 05:35:35 GMT]  
method:GET state:304 url:/contact response-time: 0.629 ms http-version: HTTP/1.1" content-length:-  address:::1 date_web:[Wed, 27 Dec 2023 05:35:35 GMT]  
method:OPTIONS state:204 url:/contact response-time: 0.210 ms http-version: HTTP/1.1" content-length:0  address:::1 date_web:[Wed, 27 Dec 2023 05:35:55 GMT]  
method:GET state:304 url:/contact response-time: 1.030 ms http-version: HTTP/1.1" content-length:-  address:::1 date_web:[Wed, 27 Dec 2023 05:35:55 GMT]  
method:OPTIONS state:204 url:/contact response-time: 1.495 ms http-version: HTTP/1.1" content-length:0  address:::1 date_web:[Wed, 27 Dec 2023 05:42:42 GMT]  
method:GET state:304 url:/contact response-time: 14.563 ms http-version: HTTP/1.1" content-length:-  address:::1 date_web:[Wed, 27 Dec 2023 05:42:42 GMT]  
method:OPTIONS state:204 url:/contact response-time: 1.410 ms http-version: HTTP/1.1" content-length:0  address:::1 date_web:[Wed, 27 Dec 2023 05:44:01 GMT]  
method:GET state:304 url:/contact response-time: 5.348 ms http-version: HTTP/1.1" content-length:-  address:::1 date_web:[Wed, 27 Dec 2023 05:44:01 GMT]  
method:OPTIONS state:204 url:/contact response-time: 0.507 ms http-version: HTTP/1.1" content-length:0  address:::ffff:127.0.0.1 date_web:[Wed, 27 Dec 2023 05:44:07 GMT]  
method:GET state:304 url:/contact response-time: 1.653 ms http-version: HTTP/1.1" content-length:-  address:::ffff:127.0.0.1 date_web:[Wed, 27 Dec 2023 05:44:07 GMT]  
method:OPTIONS state:204 url:/contact response-time: 0.363 ms http-version: HTTP/1.1" content-length:0  address:::1 date_web:[Wed, 27 Dec 2023 05:45:56 GMT]  
method:GET state:304 url:/contact response-time: 1.489 ms http-version: HTTP/1.1" content-length:-  address:::1 date_web:[Wed, 27 Dec 2023 05:45:56 GMT]  
method:OPTIONS state:204 url:/contact response-time: 1.428 ms http-version: HTTP/1.1" content-length:0  address:::1 date_web:[Wed, 27 Dec 2023 05:46:20 GMT]  
method:GET state:304 url:/contact response-time: 6.655 ms http-version: HTTP/1.1" content-length:-  address:::1 date_web:[Wed, 27 Dec 2023 05:46:20 GMT]  
method:OPTIONS state:204 url:/contact response-time: 1.507 ms http-version: HTTP/1.1" content-length:0  address:::1 date_web:[Wed, 27 Dec 2023 05:50:32 GMT]  
method:GET state:304 url:/contact response-time: 10.471 ms http-version: HTTP/1.1" content-length:-  address:::1 date_web:[Wed, 27 Dec 2023 05:50:32 GMT]  
method:OPTIONS state:204 url:/contact response-time: 1.443 ms http-version: HTTP/1.1" content-length:0  address:::1 date_web:[Wed, 27 Dec 2023 05:52:38 GMT]  
method:GET state:304 url:/contact response-time: 5.166 ms http-version: HTTP/1.1" content-length:-  address:::1 date_web:[Wed, 27 Dec 2023 05:52:38 GMT]  
method:OPTIONS state:204 url:/contact response-time: 1.488 ms http-version: HTTP/1.1" content-length:0  address:::1 date_web:[Wed, 27 Dec 2023 05:53:14 GMT]  
method:GET state:304 url:/contact response-time: 11.444 ms http-version: HTTP/1.1" content-length:-  address:::1 date_web:[Wed, 27 Dec 2023 05:53:14 GMT]  
method:OPTIONS state:204 url:/contact response-time: 2.447 ms http-version: HTTP/1.1" content-length:0  address:::1 date_web:[Wed, 27 Dec 2023 05:54:02 GMT]  
method:GET state:304 url:/contact response-time: 13.430 ms http-version: HTTP/1.1" content-length:-  address:::1 date_web:[Wed, 27 Dec 2023 05:54:02 GMT]  
method:POST state:400 url:/contact response-time: 4.803 ms http-version: HTTP/1.1" content-length:57  address:::1 date_web:[Wed, 27 Dec 2023 05:54:21 GMT]  
method:POST state:201 url:/contact response-time: 5.614 ms http-version: HTTP/1.1" content-length:54  address:::1 date_web:[Wed, 27 Dec 2023 05:54:26 GMT]  
method:OPTIONS state:204 url:/contact response-time: 0.414 ms http-version: HTTP/1.1" content-length:0  address:::1 date_web:[Wed, 27 Dec 2023 05:54:28 GMT]  
method:GET state:200 url:/contact response-time: 0.775 ms http-version: HTTP/1.1" content-length:438  address:::1 date_web:[Wed, 27 Dec 2023 05:54:28 GMT]  
method:OPTIONS state:204 url:/contact response-time: 1.437 ms http-version: HTTP/1.1" content-length:0  address:::1 date_web:[Wed, 27 Dec 2023 05:55:57 GMT]  
method:GET state:304 url:/contact response-time: 12.183 ms http-version: HTTP/1.1" content-length:-  address:::1 date_web:[Wed, 27 Dec 2023 05:55:57 GMT]  
method:OPTIONS state:204 url:/contact response-time: 1.520 ms http-version: HTTP/1.1" content-length:0  address:::1 date_web:[Wed, 27 Dec 2023 05:56:06 GMT]  
method:GET state:304 url:/contact response-time: 12.057 ms http-version: HTTP/1.1" content-length:-  address:::1 date_web:[Wed, 27 Dec 2023 05:56:06 GMT]  
method:OPTIONS state:204 url:/contact response-time: 3.198 ms http-version: HTTP/1.1" content-length:0  address:::1 date_web:[Wed, 27 Dec 2023 05:56:44 GMT]  
method:GET state:304 url:/contact response-time: 13.867 ms http-version: HTTP/1.1" content-length:-  address:::1 date_web:[Wed, 27 Dec 2023 05:56:44 GMT]  
method:OPTIONS state:204 url:/contact response-time: 3.501 ms http-version: HTTP/1.1" content-length:0  address:::1 date_web:[Wed, 27 Dec 2023 05:59:36 GMT]  
method:GET state:304 url:/contact response-time: 9.873 ms http-version: HTTP/1.1" content-length:-  address:::1 date_web:[Wed, 27 Dec 2023 05:59:36 GMT]  
method:OPTIONS state:204 url:/contact response-time: 2.913 ms http-version: HTTP/1.1" content-length:0  address:::1 date_web:[Wed, 27 Dec 2023 05:59:38 GMT]  
method:GET state:304 url:/contact response-time: 14.653 ms http-version: HTTP/1.1" content-length:-  address:::1 date_web:[Wed, 27 Dec 2023 05:59:38 GMT]  
method:OPTIONS state:204 url:/contact response-time: 0.315 ms http-version: HTTP/1.1" content-length:0  address:::1 date_web:[Wed, 27 Dec 2023 05:59:48 GMT]  
method:GET state:304 url:/contact response-time: 1.411 ms http-version: HTTP/1.1" content-length:-  address:::1 date_web:[Wed, 27 Dec 2023 05:59:48 GMT]  
method:OPTIONS state:204 url:/contact response-time: 1.528 ms http-version: HTTP/1.1" content-length:0  address:::1 date_web:[Wed, 27 Dec 2023 05:59:49 GMT]  
method:GET state:304 url:/contact response-time: 0.656 ms http-version: HTTP/1.1" content-length:-  address:::1 date_web:[Wed, 27 Dec 2023 05:59:49 GMT]  
method:OPTIONS state:204 url:/contact response-time: 1.490 ms http-version: HTTP/1.1" content-length:0  address:::1 date_web:[Wed, 27 Dec 2023 06:07:50 GMT]  
method:GET state:304 url:/contact response-time: 11.224 ms http-version: HTTP/1.1" content-length:-  address:::1 date_web:[Wed, 27 Dec 2023 06:07:50 GMT]  
method:OPTIONS state:204 url:/contact response-time: 0.373 ms http-version: HTTP/1.1" content-length:0  address:::1 date_web:[Wed, 27 Dec 2023 06:07:52 GMT]  
method:GET state:304 url:/contact response-time: 1.096 ms http-version: HTTP/1.1" content-length:-  address:::1 date_web:[Wed, 27 Dec 2023 06:07:52 GMT]  
method:OPTIONS state:204 url:/contact response-time: 0.334 ms http-version: HTTP/1.1" content-length:0  address:::1 date_web:[Wed, 27 Dec 2023 06:07:52 GMT]  
method:GET state:304 url:/contact response-time: 1.314 ms http-version: HTTP/1.1" content-length:-  address:::1 date_web:[Wed, 27 Dec 2023 06:07:52 GMT]  
method:OPTIONS state:204 url:/contact response-time: 0.697 ms http-version: HTTP/1.1" content-length:0  address:::1 date_web:[Wed, 27 Dec 2023 06:07:52 GMT]  
method:GET state:304 url:/contact response-time: 1.263 ms http-version: HTTP/1.1" content-length:-  address:::1 date_web:[Wed, 27 Dec 2023 06:07:52 GMT]  
method:OPTIONS state:204 url:/contact response-time: 0.368 ms http-version: HTTP/1.1" content-length:0  address:::1 date_web:[Wed, 27 Dec 2023 06:07:52 GMT]  
method:GET state:304 url:/contact response-time: 0.876 ms http-version: HTTP/1.1" content-length:-  address:::1 date_web:[Wed, 27 Dec 2023 06:07:52 GMT]  
method:OPTIONS state:204 url:/contact response-time: 0.287 ms http-version: HTTP/1.1" content-length:0  address:::1 date_web:[Wed, 27 Dec 2023 06:07:53 GMT]  
method:GET state:304 url:/contact response-time: 0.623 ms http-version: HTTP/1.1" content-length:-  address:::1 date_web:[Wed, 27 Dec 2023 06:07:53 GMT]  
method:OPTIONS state:204 url:/contact response-time: 0.496 ms http-version: HTTP/1.1" content-length:0  address:::1 date_web:[Wed, 27 Dec 2023 06:07:53 GMT]  
method:GET state:304 url:/contact response-time: 1.366 ms http-version: HTTP/1.1" content-length:-  address:::1 date_web:[Wed, 27 Dec 2023 06:07:53 GMT]  
method:OPTIONS state:204 url:/contact response-time: 0.314 ms http-version: HTTP/1.1" content-length:0  address:::1 date_web:[Wed, 27 Dec 2023 06:07:53 GMT]  
method:GET state:304 url:/contact response-time: 0.888 ms http-version: HTTP/1.1" content-length:-  address:::1 date_web:[Wed, 27 Dec 2023 06:07:53 GMT]  
method:OPTIONS state:204 url:/contact response-time: 0.309 ms http-version: HTTP/1.1" content-length:0  address:::1 date_web:[Wed, 27 Dec 2023 06:07:53 GMT]  
method:GET state:304 url:/contact response-time: 1.279 ms http-version: HTTP/1.1" content-length:-  address:::1 date_web:[Wed, 27 Dec 2023 06:07:53 GMT]  
method:OPTIONS state:204 url:/contact response-time: 0.746 ms http-version: HTTP/1.1" content-length:0  address:::1 date_web:[Wed, 27 Dec 2023 06:07:53 GMT]  
method:GET state:304 url:/contact response-time: 0.862 ms http-version: HTTP/1.1" content-length:-  address:::1 date_web:[Wed, 27 Dec 2023 06:07:53 GMT]  
method:OPTIONS state:204 url:/contact response-time: 0.321 ms http-version: HTTP/1.1" content-length:0  address:::1 date_web:[Wed, 27 Dec 2023 06:07:54 GMT]  
method:GET state:304 url:/contact response-time: 1.176 ms http-version: HTTP/1.1" content-length:-  address:::1 date_web:[Wed, 27 Dec 2023 06:07:54 GMT]  
method:OPTIONS state:204 url:/contact response-time: 0.227 ms http-version: HTTP/1.1" content-length:0  address:::1 date_web:[Wed, 27 Dec 2023 06:07:54 GMT]  
method:GET state:304 url:/contact response-time: 1.107 ms http-version: HTTP/1.1" content-length:-  address:::1 date_web:[Wed, 27 Dec 2023 06:07:54 GMT]  
method:OPTIONS state:204 url:/contact response-time: 0.302 ms http-version: HTTP/1.1" content-length:0  address:::1 date_web:[Wed, 27 Dec 2023 06:07:54 GMT]  
method:GET state:304 url:/contact response-time: 0.612 ms http-version: HTTP/1.1" content-length:-  address:::1 date_web:[Wed, 27 Dec 2023 06:07:54 GMT]  
method:OPTIONS state:204 url:/contact response-time: 2.968 ms http-version: HTTP/1.1" content-length:0  address:::1 date_web:[Wed, 27 Dec 2023 06:08:13 GMT]  
method:GET state:304 url:/contact response-time: 14.824 ms http-version: HTTP/1.1" content-length:-  address:::1 date_web:[Wed, 27 Dec 2023 06:08:13 GMT]  
method:OPTIONS state:204 url:/contact response-time: 0.293 ms http-version: HTTP/1.1" content-length:0  address:::1 date_web:[Wed, 27 Dec 2023 06:08:22 GMT]  
method:GET state:304 url:/contact response-time: 1.753 ms http-version: HTTP/1.1" content-length:-  address:::1 date_web:[Wed, 27 Dec 2023 06:08:22 GMT]  
method:OPTIONS state:204 url:/contact response-time: 0.462 ms http-version: HTTP/1.1" content-length:0  address:::1 date_web:[Wed, 27 Dec 2023 06:08:22 GMT]  
method:GET state:304 url:/contact response-time: 0.958 ms http-version: HTTP/1.1" content-length:-  address:::1 date_web:[Wed, 27 Dec 2023 06:08:22 GMT]  
method:OPTIONS state:204 url:/contact response-time: 0.608 ms http-version: HTTP/1.1" content-length:0  address:::1 date_web:[Wed, 27 Dec 2023 06:08:23 GMT]  
method:GET state:304 url:/contact response-time: 1.095 ms http-version: HTTP/1.1" content-length:-  address:::1 date_web:[Wed, 27 Dec 2023 06:08:23 GMT]  
method:OPTIONS state:204 url:/contact response-time: 0.373 ms http-version: HTTP/1.1" content-length:0  address:::1 date_web:[Wed, 27 Dec 2023 06:09:50 GMT]  
method:GET state:304 url:/contact response-time: 1.421 ms http-version: HTTP/1.1" content-length:-  address:::1 date_web:[Wed, 27 Dec 2023 06:09:50 GMT]  
method:OPTIONS state:204 url:/contact response-time: 0.339 ms http-version: HTTP/1.1" content-length:0  address:::1 date_web:[Wed, 27 Dec 2023 06:10:00 GMT]  
method:GET state:304 url:/contact response-time: 1.826 ms http-version: HTTP/1.1" content-length:-  address:::1 date_web:[Wed, 27 Dec 2023 06:10:00 GMT]  
method:OPTIONS state:204 url:/contact response-time: 0.288 ms http-version: HTTP/1.1" content-length:0  address:::1 date_web:[Wed, 27 Dec 2023 06:10:09 GMT]  
method:GET state:304 url:/contact response-time: 1.299 ms http-version: HTTP/1.1" content-length:-  address:::1 date_web:[Wed, 27 Dec 2023 06:10:09 GMT]  
method:OPTIONS state:204 url:/contact response-time: 0.289 ms http-version: HTTP/1.1" content-length:0  address:::1 date_web:[Wed, 27 Dec 2023 06:10:19 GMT]  
method:GET state:304 url:/contact response-time: 0.640 ms http-version: HTTP/1.1" content-length:-  address:::1 date_web:[Wed, 27 Dec 2023 06:10:19 GMT]  
method:OPTIONS state:204 url:/contact response-time: 1.061 ms http-version: HTTP/1.1" content-length:0  address:::1 date_web:[Wed, 27 Dec 2023 06:11:14 GMT]  
method:GET state:304 url:/contact response-time: 1.511 ms http-version: HTTP/1.1" content-length:-  address:::1 date_web:[Wed, 27 Dec 2023 06:11:14 GMT]  
method:OPTIONS state:204 url:/contact response-time: 0.276 ms http-version: HTTP/1.1" content-length:0  address:::1 date_web:[Wed, 27 Dec 2023 06:11:46 GMT]  
method:GET state:304 url:/contact response-time: 0.806 ms http-version: HTTP/1.1" content-length:-  address:::1 date_web:[Wed, 27 Dec 2023 06:11:46 GMT]  
method:OPTIONS state:204 url:/contact response-time: 2.018 ms http-version: HTTP/1.1" content-length:0  address:::1 date_web:[Wed, 27 Dec 2023 06:12:14 GMT]  
method:GET state:304 url:/contact response-time: 14.527 ms http-version: HTTP/1.1" content-length:-  address:::1 date_web:[Wed, 27 Dec 2023 06:12:14 GMT]  
method:OPTIONS state:204 url:/contact response-time: 0.567 ms http-version: HTTP/1.1" content-length:0  address:::1 date_web:[Wed, 27 Dec 2023 06:12:17 GMT]  
method:GET state:304 url:/contact response-time: 2.004 ms http-version: HTTP/1.1" content-length:-  address:::1 date_web:[Wed, 27 Dec 2023 06:12:17 GMT]  
method:OPTIONS state:204 url:/contact response-time: 0.232 ms http-version: HTTP/1.1" content-length:0  address:::1 date_web:[Wed, 27 Dec 2023 06:12:18 GMT]  
method:GET state:304 url:/contact response-time: 1.233 ms http-version: HTTP/1.1" content-length:-  address:::1 date_web:[Wed, 27 Dec 2023 06:12:18 GMT]  
method:OPTIONS state:204 url:/contact response-time: 0.559 ms http-version: HTTP/1.1" content-length:0  address:::1 date_web:[Wed, 27 Dec 2023 06:12:18 GMT]  
method:GET state:304 url:/contact response-time: 0.912 ms http-version: HTTP/1.1" content-length:-  address:::1 date_web:[Wed, 27 Dec 2023 06:12:18 GMT]  
method:OPTIONS state:204 url:/contact response-time: 0.505 ms http-version: HTTP/1.1" content-length:0  address:::1 date_web:[Wed, 27 Dec 2023 06:12:26 GMT]  
method:GET state:304 url:/contact response-time: 2.346 ms http-version: HTTP/1.1" content-length:-  address:::1 date_web:[Wed, 27 Dec 2023 06:12:26 GMT]  
method:OPTIONS state:204 url:/contact response-time: 0.292 ms http-version: HTTP/1.1" content-length:0  address:::1 date_web:[Wed, 27 Dec 2023 06:12:47 GMT]  
method:GET state:304 url:/contact response-time: 1.506 ms http-version: HTTP/1.1" content-length:-  address:::1 date_web:[Wed, 27 Dec 2023 06:12:47 GMT]  
method:OPTIONS state:204 url:/contact response-time: 0.309 ms http-version: HTTP/1.1" content-length:0  address:::1 date_web:[Wed, 27 Dec 2023 06:12:47 GMT]  
method:GET state:304 url:/contact response-time: 1.298 ms http-version: HTTP/1.1" content-length:-  address:::1 date_web:[Wed, 27 Dec 2023 06:12:47 GMT]  
method:OPTIONS state:204 url:/contact response-time: 0.295 ms http-version: HTTP/1.1" content-length:0  address:::1 date_web:[Wed, 27 Dec 2023 06:12:54 GMT]  
method:GET state:304 url:/contact response-time: 1.544 ms http-version: HTTP/1.1" content-length:-  address:::1 date_web:[Wed, 27 Dec 2023 06:12:54 GMT]  
method:OPTIONS state:204 url:/contact response-time: 0.271 ms http-version: HTTP/1.1" content-length:0  address:::1 date_web:[Wed, 27 Dec 2023 06:12:54 GMT]  
method:GET state:304 url:/contact response-time: 1.518 ms http-version: HTTP/1.1" content-length:-  address:::1 date_web:[Wed, 27 Dec 2023 06:12:54 GMT]  
method:OPTIONS state:204 url:/contact response-time: 3.093 ms http-version: HTTP/1.1" content-length:0  address:::1 date_web:[Wed, 27 Dec 2023 06:13:05 GMT]  
method:GET state:304 url:/contact response-time: 13.200 ms http-version: HTTP/1.1" content-length:-  address:::1 date_web:[Wed, 27 Dec 2023 06:13:05 GMT]  
method:OPTIONS state:204 url:/contact response-time: 17.266 ms http-version: HTTP/1.1" content-length:0  address:::1 date_web:[Wed, 27 Dec 2023 06:13:17 GMT]  
method:GET state:304 url:/contact response-time: 21.693 ms http-version: HTTP/1.1" content-length:-  address:::1 date_web:[Wed, 27 Dec 2023 06:13:17 GMT]  
method:OPTIONS state:204 url:/contact response-time: 0.342 ms http-version: HTTP/1.1" content-length:0  address:::1 date_web:[Wed, 27 Dec 2023 06:13:17 GMT]  
method:GET state:304 url:/contact response-time: 1.326 ms http-version: HTTP/1.1" content-length:-  address:::1 date_web:[Wed, 27 Dec 2023 06:13:17 GMT]  
method:OPTIONS state:204 url:/contact response-time: 0.205 ms http-version: HTTP/1.1" content-length:0  address:::1 date_web:[Wed, 27 Dec 2023 06:14:25 GMT]  
method:GET state:304 url:/contact response-time: 1.285 ms http-version: HTTP/1.1" content-length:-  address:::1 date_web:[Wed, 27 Dec 2023 06:14:25 GMT]  
method:OPTIONS state:204 url:/contact response-time: 1.519 ms http-version: HTTP/1.1" content-length:0  address:::1 date_web:[Wed, 27 Dec 2023 06:14:25 GMT]  
method:GET state:304 url:/contact response-time: 1.260 ms http-version: HTTP/1.1" content-length:-  address:::1 date_web:[Wed, 27 Dec 2023 06:14:25 GMT]  
method:OPTIONS state:204 url:/contact response-time: 0.255 ms http-version: HTTP/1.1" content-length:0  address:::1 date_web:[Wed, 27 Dec 2023 06:14:28 GMT]  
method:GET state:304 url:/contact response-time: 1.364 ms http-version: HTTP/1.1" content-length:-  address:::1 date_web:[Wed, 27 Dec 2023 06:14:28 GMT]  
method:OPTIONS state:204 url:/contact response-time: 0.296 ms http-version: HTTP/1.1" content-length:0  address:::1 date_web:[Wed, 27 Dec 2023 06:14:52 GMT]  
method:GET state:304 url:/contact response-time: 1.592 ms http-version: HTTP/1.1" content-length:-  address:::1 date_web:[Wed, 27 Dec 2023 06:14:52 GMT]  
method:OPTIONS state:204 url:/contact response-time: 0.244 ms http-version: HTTP/1.1" content-length:0  address:::1 date_web:[Wed, 27 Dec 2023 06:14:53 GMT]  
method:GET state:304 url:/contact response-time: 0.888 ms http-version: HTTP/1.1" content-length:-  address:::1 date_web:[Wed, 27 Dec 2023 06:14:53 GMT]  
method:OPTIONS state:204 url:/contact response-time: 2.664 ms http-version: HTTP/1.1" content-length:0  address:::1 date_web:[Wed, 27 Dec 2023 14:33:25 GMT]  
method:GET state:304 url:/contact response-time: 10.631 ms http-version: HTTP/1.1" content-length:-  address:::1 date_web:[Wed, 27 Dec 2023 14:33:25 GMT]  
method:OPTIONS state:204 url:/contact response-time: 0.295 ms http-version: HTTP/1.1" content-length:0  address:::1 date_web:[Wed, 27 Dec 2023 14:34:13 GMT]  
method:GET state:304 url:/contact response-time: 1.573 ms http-version: HTTP/1.1" content-length:-  address:::1 date_web:[Wed, 27 Dec 2023 14:34:13 GMT]  
method:OPTIONS state:204 url:/contact response-time: 0.167 ms http-version: HTTP/1.1" content-length:0  address:::1 date_web:[Wed, 27 Dec 2023 14:35:01 GMT]  
method:GET state:304 url:/contact response-time: 1.342 ms http-version: HTTP/1.1" content-length:-  address:::1 date_web:[Wed, 27 Dec 2023 14:35:01 GMT]  
method:OPTIONS state:204 url:/contact response-time: 0.555 ms http-version: HTTP/1.1" content-length:0  address:::1 date_web:[Wed, 27 Dec 2023 14:37:23 GMT]  
method:GET state:304 url:/contact response-time: 1.460 ms http-version: HTTP/1.1" content-length:-  address:::1 date_web:[Wed, 27 Dec 2023 14:37:23 GMT]  
method:OPTIONS state:204 url:/contact response-time: 0.351 ms http-version: HTTP/1.1" content-length:0  address:::1 date_web:[Wed, 27 Dec 2023 14:37:31 GMT]  
method:GET state:304 url:/contact response-time: 1.201 ms http-version: HTTP/1.1" content-length:-  address:::1 date_web:[Wed, 27 Dec 2023 14:37:31 GMT]  
method:OPTIONS state:204 url:/contact response-time: 0.324 ms http-version: HTTP/1.1" content-length:0  address:::1 date_web:[Wed, 27 Dec 2023 14:38:16 GMT]  
method:GET state:304 url:/contact response-time: 1.261 ms http-version: HTTP/1.1" content-length:-  address:::1 date_web:[Wed, 27 Dec 2023 14:38:16 GMT]  
method:OPTIONS state:204 url:/contact response-time: 0.407 ms http-version: HTTP/1.1" content-length:0  address:::1 date_web:[Wed, 27 Dec 2023 14:41:18 GMT]  
method:GET state:304 url:/contact response-time: 2.209 ms http-version: HTTP/1.1" content-length:-  address:::1 date_web:[Wed, 27 Dec 2023 14:41:18 GMT]  
method:OPTIONS state:204 url:/contact response-time: 0.319 ms http-version: HTTP/1.1" content-length:0  address:::1 date_web:[Wed, 27 Dec 2023 14:43:05 GMT]  
method:GET state:304 url:/contact response-time: 1.074 ms http-version: HTTP/1.1" content-length:-  address:::1 date_web:[Wed, 27 Dec 2023 14:43:05 GMT]  
method:OPTIONS state:204 url:/contact response-time: 0.316 ms http-version: HTTP/1.1" content-length:0  address:::1 date_web:[Wed, 27 Dec 2023 14:49:15 GMT]  
method:GET state:304 url:/contact response-time: 1.727 ms http-version: HTTP/1.1" content-length:-  address:::1 date_web:[Wed, 27 Dec 2023 14:49:15 GMT]  
method:OPTIONS state:204 url:/contact response-time: 0.666 ms http-version: HTTP/1.1" content-length:0  address:::1 date_web:[Wed, 27 Dec 2023 14:50:06 GMT]  
method:GET state:304 url:/contact response-time: 1.253 ms http-version: HTTP/1.1" content-length:-  address:::1 date_web:[Wed, 27 Dec 2023 14:50:06 GMT]  
method:OPTIONS state:204 url:/contact response-time: 0.281 ms http-version: HTTP/1.1" content-length:0  address:::1 date_web:[Wed, 27 Dec 2023 14:50:29 GMT]  
method:GET state:304 url:/contact response-time: 1.195 ms http-version: HTTP/1.1" content-length:-  address:::1 date_web:[Wed, 27 Dec 2023 14:50:29 GMT]  
method:OPTIONS state:204 url:/contact response-time: 2.302 ms http-version: HTTP/1.1" content-length:0  address:::1 date_web:[Wed, 27 Dec 2023 14:51:13 GMT]  
method:GET state:304 url:/contact response-time: 11.597 ms http-version: HTTP/1.1" content-length:-  address:::1 date_web:[Wed, 27 Dec 2023 14:51:13 GMT]  
method:OPTIONS state:204 url:/contact response-time: 2.502 ms http-version: HTTP/1.1" content-length:0  address:::1 date_web:[Wed, 27 Dec 2023 14:51:56 GMT]  
method:GET state:304 url:/contact response-time: 6.025 ms http-version: HTTP/1.1" content-length:-  address:::1 date_web:[Wed, 27 Dec 2023 14:51:56 GMT]  
method:OPTIONS state:204 url:/contact response-time: 3.635 ms http-version: HTTP/1.1" content-length:0  address:::1 date_web:[Wed, 27 Dec 2023 15:06:57 GMT]  
method:GET state:304 url:/contact response-time: 9.661 ms http-version: HTTP/1.1" content-length:-  address:::1 date_web:[Wed, 27 Dec 2023 15:06:57 GMT]  
